  Billing.Api -> D:\Personal\modular-sdk-dotnet\src\Modules\Billing\Billing.Api\bin\Debug\net10.0\Billing.Api.dll
  Audit.Api -> D:\Personal\modular-sdk-dotnet\src\Modules\Audit\Audit.Api\bin\Debug\net10.0\Audit.Api.dll
  SaasBuilder.HostedUi.Tests -> D:\Personal\modular-sdk-dotnet\tests\SaasBuilder.HostedUi.Tests\bin\Debug\net10.0\SaasBuilder.HostedUi.Tests.dll
  Ledger.Application -> D:\Personal\modular-sdk-dotnet\src\Modules\Ledger\Ledger.Application\bin\Debug\net10.0\Ledger.Application.dll
  Registration.Infrastructure -> D:\Personal\modular-sdk-dotnet\src\Modules\Registration\Registration.Infrastructure\bin\Debug\net10.0\Registration.Infrastructure.dll
  Reporting.Infrastructure -> D:\Personal\modular-sdk-dotnet\src\Modules\Reporting\Reporting.Infrastructure\bin\Debug\net10.0\Reporting.Infrastructure.dll
  Notifications.Api -> D:\Personal\modular-sdk-dotnet\src\Modules\Notifications\Notifications.Api\bin\Debug\net10.0\Notifications.Api.dll
  Identity.Application -> D:\Personal\modular-sdk-dotnet\src\Modules\Identity\Identity.Application\bin\Debug\net10.0\Identity.Application.dll
  Registration.Api -> D:\Personal\modular-sdk-dotnet\src\Modules\Registration\Registration.Api\bin\Debug\net10.0\Registration.Api.dll
  Realtime.Api -> D:\Personal\modular-sdk-dotnet\src\Modules\Realtime\Realtime.Api\bin\Debug\net10.0\Realtime.Api.dll
  Files.Api -> D:\Personal\modular-sdk-dotnet\src\Modules\Files\Files.Api\bin\Debug\net10.0\Files.Api.dll
  SaasBuilder.Tenancy.Tests -> D:\Personal\modular-sdk-dotnet\tests\SaasBuilder.Tenancy.Tests\bin\Debug\net10.0\SaasBuilder.Tenancy.Tests.dll
  Ledger.Infrastructure -> D:\Personal\modular-sdk-dotnet\src\Modules\Ledger\Ledger.Infrastructure\bin\Debug\net10.0\Ledger.Infrastructure.dll
  Reporting.Api -> D:\Personal\modular-sdk-dotnet\src\Modules\Reporting\Reporting.Api\bin\Debug\net10.0\Reporting.Api.dll
  Admin.Application -> D:\Personal\modular-sdk-dotnet\src\Modules\Admin\Admin.Application\bin\Debug\net10.0\Admin.Application.dll
  Identity.Infrastructure -> D:\Personal\modular-sdk-dotnet\src\Modules\Identity\Identity.Infrastructure\bin\Debug\net10.0\Identity.Infrastructure.dll
  Gdpr.Api -> D:\Personal\modular-sdk-dotnet\src\Modules\Gdpr\Gdpr.Api\bin\Debug\net10.0\Gdpr.Api.dll
  Ledger.Api -> D:\Personal\modular-sdk-dotnet\src\Modules\Ledger\Ledger.Api\bin\Debug\net10.0\Ledger.Api.dll
  Admin.Infrastructure -> D:\Personal\modular-sdk-dotnet\src\Modules\Admin\Admin.Infrastructure\bin\Debug\net10.0\Admin.Infrastructure.dll
  Admin.Api -> D:\Personal\modular-sdk-dotnet\src\Modules\Admin\Admin.Api\bin\Debug\net10.0\Admin.Api.dll
  Identity.Api -> D:\Personal\modular-sdk-dotnet\src\Modules\Identity\Identity.Api\bin\Debug\net10.0\Identity.Api.dll
  SaasBuilder.Modules.Phase5Tests -> D:\Personal\modular-sdk-dotnet\tests\SaasBuilder.Modules.Phase5Tests\bin\Debug\net10.0\SaasBuilder.Modules.Phase5Tests.dll
  SaasBuilder.ArchitectureTests -> D:\Personal\modular-sdk-dotnet\tests\SaasBuilder.ArchitectureTests\bin\Debug\net10.0\SaasBuilder.ArchitectureTests.dll
  B2CSample.Host -> D:\Personal\modular-sdk-dotnet\samples\B2CSample\B2CSample.Host\bin\Debug\net10.0\B2CSample.Host.dll
  SaasBuilder.Sample.Host -> D:\Personal\modular-sdk-dotnet\samples\SaasBuilder.Sample.Host\bin\Debug\net10.0\SaasBuilder.Sample.Host.dll
  Marketplace.Domain -> D:\Personal\modular-sdk-dotnet\src\Modules\Marketplace\Marketplace.Domain\bin\Debug\net10.0\Marketplace.Domain.dll
  Ai.Domain -> D:\Personal\modular-sdk-dotnet\src\Modules\Ai\Ai.Domain\bin\Debug\net10.0\Ai.Domain.dll
  B2BSample.Host -> D:\Personal\modular-sdk-dotnet\samples\B2BSample\B2BSample.Host\bin\Debug\net10.0\B2BSample.Host.dll
  Marketplace.Application -> D:\Personal\modular-sdk-dotnet\src\Modules\Marketplace\Marketplace.Application\bin\Debug\net10.0\Marketplace.Application.dll
  Ai.Application -> D:\Personal\modular-sdk-dotnet\src\Modules\Ai\Ai.Application\bin\Debug\net10.0\Ai.Application.dll
  Marketplace.Infrastructure -> D:\Personal\modular-sdk-dotnet\src\Modules\Marketplace\Marketplace.Infrastructure\bin\Debug\net10.0\Marketplace.Infrastructure.dll
  Ai.Infrastructure -> D:\Personal\modular-sdk-dotnet\src\Modules\Ai\Ai.Infrastructure\bin\Debug\net10.0\Ai.Infrastructure.dll
  SaasBuilder.SecurityTests -> D:\Personal\modular-sdk-dotnet\tests\SaasBuilder.SecurityTests\bin\Debug\net10.0\SaasBuilder.SecurityTests.dll
  SaasBuilder.IntegrationTests -> D:\Personal\modular-sdk-dotnet\tests\SaasBuilder.IntegrationTests\bin\Debug\net10.0\SaasBuilder.IntegrationTests.dll

Build succeeded.
    0 Warning(s)
    0 Error(s)

Time Elapsed 00:00:21.41
