  Gdpr.Infrastructure -> D:\Personal\modular-sdk-dotnet\src\Modules\Gdpr\Gdpr.Infrastructure\bin\Release\net10.0\Gdpr.Infrastructure.dll
  Registration.Application -> D:\Personal\modular-sdk-dotnet\src\Modules\Registration\Registration.Application\bin\Release\net10.0\Registration.Application.dll
  Reporting.Application -> D:\Personal\modular-sdk-dotnet\src\Modules\Reporting\Reporting.Application\bin\Release\net10.0\Reporting.Application.dll
  Audit.Api -> D:\Personal\modular-sdk-dotnet\src\Modules\Audit\Audit.Api\bin\Release\net10.0\Audit.Api.dll
  Ledger.Application -> D:\Personal\modular-sdk-dotnet\src\Modules\Ledger\Ledger.Application\bin\Release\net10.0\Ledger.Application.dll
  SaasBuilder.Tenancy.Tests -> D:\Personal\modular-sdk-dotnet\tests\SaasBuilder.Tenancy.Tests\bin\Release\net10.0\SaasBuilder.Tenancy.Tests.dll
  Identity.Application -> D:\Personal\modular-sdk-dotnet\src\Modules\Identity\Identity.Application\bin\Release\net10.0\Identity.Application.dll
  Webhooks.Infrastructure -> D:\Personal\modular-sdk-dotnet\src\Modules\Webhooks\Webhooks.Infrastructure\bin\Release\net10.0\Webhooks.Infrastructure.dll
  Registration.Infrastructure -> D:\Personal\modular-sdk-dotnet\src\Modules\Registration\Registration.Infrastructure\bin\Release\net10.0\Registration.Infrastructure.dll
  Reporting.Infrastructure -> D:\Personal\modular-sdk-dotnet\src\Modules\Reporting\Reporting.Infrastructure\bin\Release\net10.0\Reporting.Infrastructure.dll
  Gdpr.Api -> D:\Personal\modular-sdk-dotnet\src\Modules\Gdpr\Gdpr.Api\bin\Release\net10.0\Gdpr.Api.dll
  Registration.Api -> D:\Personal\modular-sdk-dotnet\src\Modules\Registration\Registration.Api\bin\Release\net10.0\Registration.Api.dll
D:\Personal\modular-sdk-dotnet\src\Modules\Billing\Billing.Api\BillingModule.cs(546,55): error CS0029: Cannot implicitly convert type 'System.DateTimeOffset' to 'string' [D:\Personal\modular-sdk-dotnet\src\Modules\Billing\Billing.Api\Billing.Api.csproj]
  Notifications.Api -> D:\Personal\modular-sdk-dotnet\src\Modules\Notifications\Notifications.Api\bin\Release\net10.0\Notifications.Api.dll
  Files.Api -> D:\Personal\modular-sdk-dotnet\src\Modules\Files\Files.Api\bin\Release\net10.0\Files.Api.dll
  Reporting.Api -> D:\Personal\modular-sdk-dotnet\src\Modules\Reporting\Reporting.Api\bin\Release\net10.0\Reporting.Api.dll
  Ledger.Infrastructure -> D:\Personal\modular-sdk-dotnet\src\Modules\Ledger\Ledger.Infrastructure\bin\Release\net10.0\Ledger.Infrastructure.dll
  Identity.Infrastructure -> D:\Personal\modular-sdk-dotnet\src\Modules\Identity\Identity.Infrastructure\bin\Release\net10.0\Identity.Infrastructure.dll
  Webhooks.Api -> D:\Personal\modular-sdk-dotnet\src\Modules\Webhooks\Webhooks.Api\bin\Release\net10.0\Webhooks.Api.dll
  Admin.Application -> D:\Personal\modular-sdk-dotnet\src\Modules\Admin\Admin.Application\bin\Release\net10.0\Admin.Application.dll
  Ledger.Api -> D:\Personal\modular-sdk-dotnet\src\Modules\Ledger\Ledger.Api\bin\Release\net10.0\Ledger.Api.dll
  SaasBuilder.Modules.Phase5Tests -> D:\Personal\modular-sdk-dotnet\tests\SaasBuilder.Modules.Phase5Tests\bin\Release\net10.0\SaasBuilder.Modules.Phase5Tests.dll
  Identity.Api -> D:\Personal\modular-sdk-dotnet\src\Modules\Identity\Identity.Api\bin\Release\net10.0\Identity.Api.dll
  Admin.Infrastructure -> D:\Personal\modular-sdk-dotnet\src\Modules\Admin\Admin.Infrastructure\bin\Release\net10.0\Admin.Infrastructure.dll
  Admin.Api -> D:\Personal\modular-sdk-dotnet\src\Modules\Admin\Admin.Api\bin\Release\net10.0\Admin.Api.dll
  SaasBuilder.ArchitectureTests -> D:\Personal\modular-sdk-dotnet\tests\SaasBuilder.ArchitectureTests\bin\Release\net10.0\SaasBuilder.ArchitectureTests.dll
  SaasBuilder.Sample.Host -> D:\Personal\modular-sdk-dotnet\samples\SaasBuilder.Sample.Host\bin\Release\net10.0\SaasBuilder.Sample.Host.dll
  SaasBuilder.SecurityTests -> D:\Personal\modular-sdk-dotnet\tests\SaasBuilder.SecurityTests\bin\Release\net10.0\SaasBuilder.SecurityTests.dll
  Ai.Contracts -> D:\Personal\modular-sdk-dotnet\src\Modules\Ai\Ai.Contracts\bin\Debug\net10.0\Ai.Contracts.dll
  Marketplace.Contracts -> D:\Personal\modular-sdk-dotnet\src\Modules\Marketplace\Marketplace.Contracts\bin\Debug\net10.0\Marketplace.Contracts.dll
  Marketplace.Domain -> D:\Personal\modular-sdk-dotnet\src\Modules\Marketplace\Marketplace.Domain\bin\Debug\net10.0\Marketplace.Domain.dll
  Ai.Domain -> D:\Personal\modular-sdk-dotnet\src\Modules\Ai\Ai.Domain\bin\Debug\net10.0\Ai.Domain.dll
  Marketplace.Application -> D:\Personal\modular-sdk-dotnet\src\Modules\Marketplace\Marketplace.Application\bin\Debug\net10.0\Marketplace.Application.dll
  Ai.Application -> D:\Personal\modular-sdk-dotnet\src\Modules\Ai\Ai.Application\bin\Debug\net10.0\Ai.Application.dll
  Marketplace.Infrastructure -> D:\Personal\modular-sdk-dotnet\src\Modules\Marketplace\Marketplace.Infrastructure\bin\Debug\net10.0\Marketplace.Infrastructure.dll
  Ai.Infrastructure -> D:\Personal\modular-sdk-dotnet\src\Modules\Ai\Ai.Infrastructure\bin\Debug\net10.0\Ai.Infrastructure.dll
D:\Personal\modular-sdk-dotnet\tests\SaasBuilder.IntegrationTests\Ai\LlmBudgetTrackerTests.cs(26,20): error CS7036: There is no argument given that corresponds to the required parameter 'tenantContextAccessor' of 'AiDbContext.AiDbContext(DbContextOptions<AiDbContext>, ITenantContextAccessor)' [D:\Personal\modular-sdk-dotnet\tests\SaasBuilder.IntegrationTests\SaasBuilder.IntegrationTests.csproj]
D:\Personal\modular-sdk-dotnet\tests\SaasBuilder.IntegrationTests\RlsFixture.cs(14,75): error SA1502: Element should not be on a single line (https://github.com/DotNetAnalyzers/StyleCopAnalyzers/blob/master/documentation/SA1502.md) [D:\Personal\modular-sdk-dotnet\tests\SaasBuilder.IntegrationTests\SaasBuilder.IntegrationTests.csproj]

Build FAILED.

D:\Personal\modular-sdk-dotnet\clients\starter-blazor\App.razor(14,9): error RZ10012: Found markup element with unexpected name 'PageTitle'. If this is intended to be a component, add a @using directive for its namespace. [D:\Personal\modular-sdk-dotnet\clients\starter-blazor\SaasBuilder.Starter.Blazor.csproj]
D:\Personal\modular-sdk-dotnet\clients\starter-blazor\Pages\Billing.razor(8,1): error RZ10012: Found markup element with unexpected name 'PageTitle'. If this is intended to be a component, add a @using directive for its namespace. [D:\Personal\modular-sdk-dotnet\clients\starter-blazor\SaasBuilder.Starter.Blazor.csproj]
D:\Personal\modular-sdk-dotnet\clients\starter-blazor\Pages\Dashboard.razor(8,1): error RZ10012: Found markup element with unexpected name 'PageTitle'. If this is intended to be a component, add a @using directive for its namespace. [D:\Personal\modular-sdk-dotnet\clients\starter-blazor\SaasBuilder.Starter.Blazor.csproj]
D:\Personal\modular-sdk-dotnet\clients\starter-blazor\Pages\FileUpload.razor(9,1): error RZ10012: Found markup element with unexpected name 'PageTitle'. If this is intended to be a component, add a @using directive for its namespace. [D:\Personal\modular-sdk-dotnet\clients\starter-blazor\SaasBuilder.Starter.Blazor.csproj]
D:\Personal\modular-sdk-dotnet\clients\starter-blazor\Pages\FileUpload.razor(25,1): error RZ10012: Found markup element with unexpected name 'InputFile'. If this is intended to be a component, add a @using directive for its namespace. [D:\Personal\modular-sdk-dotnet\clients\starter-blazor\SaasBuilder.Starter.Blazor.csproj]
D:\Personal\modular-sdk-dotnet\clients\starter-blazor\Pages\Invitations.razor(8,1): error RZ10012: Found markup element with unexpected name 'PageTitle'. If this is intended to be a component, add a @using directive for its namespace. [D:\Personal\modular-sdk-dotnet\clients\starter-blazor\SaasBuilder.Starter.Blazor.csproj]
D:\Personal\modular-sdk-dotnet\clients\starter-blazor\Pages\Login.razor(12,1): error RZ10012: Found markup element with unexpected name 'PageTitle'. If this is intended to be a component, add a @using directive for its namespace. [D:\Personal\modular-sdk-dotnet\clients\starter-blazor\SaasBuilder.Starter.Blazor.csproj]
D:\Personal\modular-sdk-dotnet\clients\starter-blazor\Pages\Members.razor(9,1): error RZ10012: Found markup element with unexpected name 'PageTitle'. If this is intended to be a component, add a @using directive for its namespace. [D:\Personal\modular-sdk-dotnet\clients\starter-blazor\SaasBuilder.Starter.Blazor.csproj]
D:\Personal\modular-sdk-dotnet\clients\starter-blazor\Pages\MfaSetup.razor(8,1): error RZ10012: Found markup element with unexpected name 'PageTitle'. If this is intended to be a component, add a @using directive for its namespace. [D:\Personal\modular-sdk-dotnet\clients\starter-blazor\SaasBuilder.Starter.Blazor.csproj]
D:\Personal\modular-sdk-dotnet\clients\starter-blazor\Pages\MfaSetup.razor(76,52): error RZ2005: The 'code' directive must appear at the start of the line. [D:\Personal\modular-sdk-dotnet\clients\starter-blazor\SaasBuilder.Starter.Blazor.csproj]
D:\Personal\modular-sdk-dotnet\clients\starter-blazor\Pages\MfaSetup.razor(76,56): error RZ1017: Unexpected literal following the 'code' directive. Expected '{'. [D:\Personal\modular-sdk-dotnet\clients\starter-blazor\SaasBuilder.Starter.Blazor.csproj]
D:\Personal\modular-sdk-dotnet\clients\starter-blazor\Pages\MfaSetup.razor(81,51): error RZ1030: TagHelper attributes must be well-formed. [D:\Personal\modular-sdk-dotnet\clients\starter-blazor\SaasBuilder.Starter.Blazor.csproj]
D:\Personal\modular-sdk-dotnet\clients\starter-blazor\Pages\Notifications.razor(9,1): error RZ10012: Found markup element with unexpected name 'PageTitle'. If this is intended to be a component, add a @using directive for its namespace. [D:\Personal\modular-sdk-dotnet\clients\starter-blazor\SaasBuilder.Starter.Blazor.csproj]
D:\Personal\modular-sdk-dotnet\clients\starter-blazor\Pages\Profile.razor(8,1): error RZ10012: Found markup element with unexpected name 'PageTitle'. If this is intended to be a component, add a @using directive for its namespace. [D:\Personal\modular-sdk-dotnet\clients\starter-blazor\SaasBuilder.Starter.Blazor.csproj]
D:\Personal\modular-sdk-dotnet\clients\starter-blazor\Pages\TenantOnboarding.razor(9,1): error RZ10012: Found markup element with unexpected name 'PageTitle'. If this is intended to be a component, add a @using directive for its namespace. [D:\Personal\modular-sdk-dotnet\clients\starter-blazor\SaasBuilder.Starter.Blazor.csproj]
D:\Personal\modular-sdk-dotnet\clients\starter-blazor\Pages\TenantOnboarding.razor(17,5): error RZ10012: Found markup element with unexpected name 'MudStepper'. If this is intended to be a component, add a @using directive for its namespace. [D:\Personal\modular-sdk-dotnet\clients\starter-blazor\SaasBuilder.Starter.Blazor.csproj]
D:\Personal\modular-sdk-dotnet\clients\starter-blazor\Pages\TenantOnboarding.razor(17,36): error RZ9991: The attribute names could not be inferred from bind attribute 'bind-ActiveIndex'. Bind attributes should be of the form 'bind' or 'bind-value' along with their corresponding optional parameters like 'bind-value:event', 'bind:format' etc. [D:\Personal\modular-sdk-dotnet\clients\starter-blazor\SaasBuilder.Starter.Blazor.csproj]
D:\Personal\modular-sdk-dotnet\clients\starter-blazor\Pages\TenantOnboarding.razor(18,9): error RZ10012: Found markup element with unexpected name 'MudStep'. If this is intended to be a component, add a @using directive for its namespace. [D:\Personal\modular-sdk-dotnet\clients\starter-blazor\SaasBuilder.Starter.Blazor.csproj]
D:\Personal\modular-sdk-dotnet\clients\starter-blazor\Pages\TenantOnboarding.razor(36,9): error RZ10012: Found markup element with unexpected name 'MudStep'. If this is intended to be a component, add a @using directive for its namespace. [D:\Personal\modular-sdk-dotnet\clients\starter-blazor\SaasBuilder.Starter.Blazor.csproj]
D:\Personal\modular-sdk-dotnet\clients\starter-blazor\Pages\TenantOnboarding.razor(52,9): error RZ10012: Found markup element with unexpected name 'MudStep'. If this is intended to be a component, add a @using directive for its namespace. [D:\Personal\modular-sdk-dotnet\clients\starter-blazor\SaasBuilder.Starter.Blazor.csproj]
D:\Personal\modular-sdk-dotnet\clients\starter-blazor\Program.cs(2,39): error CS0234: The type or namespace name 'WebAssembly' does not exist in the namespace 'Microsoft.AspNetCore.Components' (are you missing an assembly reference?) [D:\Personal\modular-sdk-dotnet\clients\starter-blazor\SaasBuilder.Starter.Blazor.csproj]
D:\Personal\modular-sdk-dotnet\clients\starter-blazor\Services\NotificationsHubClient.cs(1,39): error CS0234: The type or namespace name 'WebAssembly' does not exist in the namespace 'Microsoft.AspNetCore.Components' (are you missing an assembly reference?) [D:\Personal\modular-sdk-dotnet\clients\starter-blazor\SaasBuilder.Starter.Blazor.csproj]
D:\Personal\modular-sdk-dotnet\clients\starter-blazor\obj\Release\net10.0\SaasBuilder.Starter.Blazor.GlobalUsings.g.cs(2,35): error CS0234: The type or namespace name 'Configuration' does not exist in the namespace 'Microsoft.Extensions' (are you missing an assembly reference?) [D:\Personal\modular-sdk-dotnet\clients\starter-blazor\SaasBuilder.Starter.Blazor.csproj]
D:\Personal\modular-sdk-dotnet\clients\starter-blazor\Dialogs\InviteDialog.razor(25,13): error CS0246: The type or namespace name 'IMudDialogInstance' could not be found (are you missing a using directive or an assembly reference?) [D:\Personal\modular-sdk-dotnet\clients\starter-blazor\SaasBuilder.Starter.Blazor.csproj]
D:\Personal\modular-sdk-dotnet\clients\starter-blazor\Dialogs\RoleChangeDialog.razor(20,13): error CS0246: The type or namespace name 'IMudDialogInstance' could not be found (are you missing a using directive or an assembly reference?) [D:\Personal\modular-sdk-dotnet\clients\starter-blazor\SaasBuilder.Starter.Blazor.csproj]
D:\Personal\modular-sdk-dotnet\clients\starter-blazor\Services\NotificationsHubClient.cs(19,56): error CS0246: The type or namespace name 'IWebAssemblyHostEnvironment' could not be found (are you missing a using directive or an assembly reference?) [D:\Personal\modular-sdk-dotnet\clients\starter-blazor\SaasBuilder.Starter.Blazor.csproj]
D:\Personal\modular-sdk-dotnet\clients\starter-blazor\Pages\FileUpload.razor(67,38): error CS0246: The type or namespace name 'InputFileChangeEventArgs' could not be found (are you missing a using directive or an assembly reference?) [D:\Personal\modular-sdk-dotnet\clients\starter-blazor\SaasBuilder.Starter.Blazor.csproj]
D:\Personal\modular-sdk-dotnet\clients\starter-blazor\Pages\FileUpload.razor(75,35): error CS0246: The type or namespace name 'DragEventArgs' could not be found (are you missing a using directive or an assembly reference?) [D:\Personal\modular-sdk-dotnet\clients\starter-blazor\SaasBuilder.Starter.Blazor.csproj]
D:\Personal\modular-sdk-dotnet\clients\starter-blazor\Pages\FileUpload.razor(82,35): error CS0246: The type or namespace name 'IBrowserFile' could not be found (are you missing a using directive or an assembly reference?) [D:\Personal\modular-sdk-dotnet\clients\starter-blazor\SaasBuilder.Starter.Blazor.csproj]
D:\Personal\modular-sdk-dotnet\clients\starter-blazor\Pages\FileUpload.razor(7,9): error CS0246: The type or namespace name 'IJSRuntime' could not be found (are you missing a using directive or an assembly reference?) [D:\Personal\modular-sdk-dotnet\clients\starter-blazor\SaasBuilder.Starter.Blazor.csproj]
D:\Personal\modular-sdk-dotnet\src\Modules\Search\Search.Infrastructure\Adapters\OpenSearchAdapter.cs(146,26): error CS1061: 'IGetResponse<Dictionary<string, object?>>' does not contain a definition for 'Found' and no accessible extension method 'Found' accepting a first argument of type 'IGetResponse<Dictionary<string, object?>>' could be found (are you missing a using directive or an assembly reference?) [D:\Personal\modular-sdk-dotnet\src\Modules\Search\Search.Infrastructure\Search.Infrastructure.csproj]
D:\Personal\modular-sdk-dotnet\src\Modules\Search\Search.Infrastructure\Adapters\OpenSearchAdapter.cs(152,28): error CS8602: Dereference of a possibly null reference. [D:\Personal\modular-sdk-dotnet\src\Modules\Search\Search.Infrastructure\Search.Infrastructure.csproj]
D:\Personal\modular-sdk-dotnet\src\Modules\Billing\Billing.Api\BillingModule.cs(546,55): error CS0029: Cannot implicitly convert type 'System.DateTimeOffset' to 'string' [D:\Personal\modular-sdk-dotnet\src\Modules\Billing\Billing.Api\Billing.Api.csproj]
D:\Personal\modular-sdk-dotnet\tests\SaasBuilder.IntegrationTests\Ai\LlmBudgetTrackerTests.cs(26,20): error CS7036: There is no argument given that corresponds to the required parameter 'tenantContextAccessor' of 'AiDbContext.AiDbContext(DbContextOptions<AiDbContext>, ITenantContextAccessor)' [D:\Personal\modular-sdk-dotnet\tests\SaasBuilder.IntegrationTests\SaasBuilder.IntegrationTests.csproj]
D:\Personal\modular-sdk-dotnet\tests\SaasBuilder.IntegrationTests\RlsFixture.cs(14,75): error SA1502: Element should not be on a single line (https://github.com/DotNetAnalyzers/StyleCopAnalyzers/blob/master/documentation/SA1502.md) [D:\Personal\modular-sdk-dotnet\tests\SaasBuilder.IntegrationTests\SaasBuilder.IntegrationTests.csproj]
    0 Warning(s)
    35 Error(s)

Time Elapsed 00:03:55.28
