  Gdpr.Application -> D:\Personal\modular-sdk-dotnet\src\Modules\Gdpr\Gdpr.Application\bin\Debug\net10.0\Gdpr.Application.dll
  Webhooks.Application -> D:\Personal\modular-sdk-dotnet\src\Modules\Webhooks\Webhooks.Application\bin\Debug\net10.0\Webhooks.Application.dll
  SaasBuilder.Host -> D:\Personal\modular-sdk-dotnet\src\SaasBuilder.Host\bin\Debug\net10.0\SaasBuilder.Host.dll
  Integration.CloudEventsAdapter.Tests -> D:\Personal\modular-sdk-dotnet\integration\tests\Integration.CloudEventsAdapter.Tests\bin\Debug\net10.0\Integration.CloudEventsAdapter.Tests.dll
  Entitlements.Infrastructure -> D:\Personal\modular-sdk-dotnet\src\Modules\Entitlements\Entitlements.Infrastructure\bin\Debug\net10.0\Entitlements.Infrastructure.dll
  Notifications.Infrastructure -> D:\Personal\modular-sdk-dotnet\src\Modules\Notifications\Notifications.Infrastructure\bin\Debug\net10.0\Notifications.Infrastructure.dll
  Reporting.Infrastructure -> D:\Personal\modular-sdk-dotnet\src\Modules\Reporting\Reporting.Infrastructure\bin\Debug\net10.0\Reporting.Infrastructure.dll
  Gdpr.Infrastructure -> D:\Personal\modular-sdk-dotnet\src\Modules\Gdpr\Gdpr.Infrastructure\bin\Debug\net10.0\Gdpr.Infrastructure.dll
  Audit.Infrastructure -> D:\Personal\modular-sdk-dotnet\src\Modules\Audit\Audit.Infrastructure\bin\Debug\net10.0\Audit.Infrastructure.dll
  Reporting.Api -> D:\Personal\modular-sdk-dotnet\src\Modules\Reporting\Reporting.Api\bin\Debug\net10.0\Reporting.Api.dll
  Notifications.Api -> D:\Personal\modular-sdk-dotnet\src\Modules\Notifications\Notifications.Api\bin\Debug\net10.0\Notifications.Api.dll
  Registration.Infrastructure -> D:\Personal\modular-sdk-dotnet\src\Modules\Registration\Registration.Infrastructure\bin\Debug\net10.0\Registration.Infrastructure.dll
  Files.Api -> D:\Personal\modular-sdk-dotnet\src\Modules\Files\Files.Api\bin\Debug\net10.0\Files.Api.dll
  SaasBuilder.Tenancy.Tests -> D:\Personal\modular-sdk-dotnet\tests\SaasBuilder.Tenancy.Tests\bin\Debug\net10.0\SaasBuilder.Tenancy.Tests.dll
  Billing.Api -> D:\Personal\modular-sdk-dotnet\src\Modules\Billing\Billing.Api\bin\Debug\net10.0\Billing.Api.dll
  Ledger.Api -> D:\Personal\modular-sdk-dotnet\src\Modules\Ledger\Ledger.Api\bin\Debug\net10.0\Ledger.Api.dll
  Webhooks.Infrastructure -> D:\Personal\modular-sdk-dotnet\src\Modules\Webhooks\Webhooks.Infrastructure\bin\Debug\net10.0\Webhooks.Infrastructure.dll
  SaasBuilder.Modules.Phase5Tests -> D:\Personal\modular-sdk-dotnet\tests\SaasBuilder.Modules.Phase5Tests\bin\Debug\net10.0\SaasBuilder.Modules.Phase5Tests.dll
  Registration.Api -> D:\Personal\modular-sdk-dotnet\src\Modules\Registration\Registration.Api\bin\Debug\net10.0\Registration.Api.dll
  Audit.Api -> D:\Personal\modular-sdk-dotnet\src\Modules\Audit\Audit.Api\bin\Debug\net10.0\Audit.Api.dll
  Gdpr.Api -> D:\Personal\modular-sdk-dotnet\src\Modules\Gdpr\Gdpr.Api\bin\Debug\net10.0\Gdpr.Api.dll
  Webhooks.Api -> D:\Personal\modular-sdk-dotnet\src\Modules\Webhooks\Webhooks.Api\bin\Debug\net10.0\Webhooks.Api.dll

Build FAILED.

D:\Personal\modular-sdk-dotnet\src\Modules\Identity\Identity.Application\Lifecycle\RequestAccountDeletionHandler.cs(6,7): error CS0246: The type or namespace name 'Notifications' could not be found (are you missing a using directive or an assembly reference?) [D:\Personal\modular-sdk-dotnet\src\Modules\Identity\Identity.Application\Identity.Application.csproj]
    0 Warning(s)
    1 Error(s)

Time Elapsed 00:00:09.93
  Determining projects to restore...
  All projects are up-to-date for restore.
  Admin.Contracts -> D:\Personal\modular-sdk-dotnet\src\Modules\Admin\Admin.Contracts\bin\Release\net10.0\Admin.Contracts.dll
  Gdpr.Contracts -> D:\Personal\modular-sdk-dotnet\src\Modules\Gdpr\Gdpr.Contracts\bin\Release\net10.0\Gdpr.Contracts.dll
  Notifications.Contracts -> D:\Personal\modular-sdk-dotnet\src\Modules\Notifications\Notifications.Contracts\bin\Release\net10.0\Notifications.Contracts.dll
  Reporting.Contracts -> D:\Personal\modular-sdk-dotnet\src\Modules\Reporting\Reporting.Contracts\bin\Release\net10.0\Reporting.Contracts.dll
  Webhooks.Contracts -> D:\Personal\modular-sdk-dotnet\src\Modules\Webhooks\Webhooks.Contracts\bin\Release\net10.0\Webhooks.Contracts.dll
  Marketplace.Contracts -> D:\Personal\modular-sdk-dotnet\src\Modules\Marketplace\Marketplace.Contracts\bin\Release\net10.0\Marketplace.Contracts.dll
  Ai.Contracts -> D:\Personal\modular-sdk-dotnet\src\Modules\Ai\Ai.Contracts\bin\Release\net10.0\Ai.Contracts.dll
  SaasBuilder.SharedKernel -> D:\Personal\modular-sdk-dotnet\src\SaasBuilder.SharedKernel\bin\Release\net10.0\SaasBuilder.SharedKernel.dll
  Audit.Contracts -> D:\Personal\modular-sdk-dotnet\src\Modules\Audit\Audit.Contracts\bin\Release\net10.0\Audit.Contracts.dll
  Billing.Contracts -> D:\Personal\modular-sdk-dotnet\src\Modules\Billing\Billing.Contracts\bin\Release\net10.0\Billing.Contracts.dll
  Ledger.Contracts -> D:\Personal\modular-sdk-dotnet\src\Modules\Ledger\Ledger.Contracts\bin\Release\net10.0\Ledger.Contracts.dll
  Identity.Contracts -> D:\Personal\modular-sdk-dotnet\src\Modules\Identity\Identity.Contracts\bin\Release\net10.0\Identity.Contracts.dll
  Registration.Contracts -> D:\Personal\modular-sdk-dotnet\src\Modules\Registration\Registration.Contracts\bin\Release\net10.0\Registration.Contracts.dll
  FeatureFlags.Contracts -> D:\Personal\modular-sdk-dotnet\src\Modules\FeatureFlags\FeatureFlags.Contracts\bin\Release\net10.0\FeatureFlags.Contracts.dll
  Identity.Domain -> D:\Personal\modular-sdk-dotnet\src\Modules\Identity\Identity.Domain\bin\Release\net10.0\Identity.Domain.dll
  Ledger.Domain -> D:\Personal\modular-sdk-dotnet\src\Modules\Ledger\Ledger.Domain\bin\Release\net10.0\Ledger.Domain.dll
  Entitlements.Domain -> D:\Personal\modular-sdk-dotnet\src\Modules\Entitlements\Entitlements.Domain\bin\Release\net10.0\Entitlements.Domain.dll
  Billing.Domain -> D:\Personal\modular-sdk-dotnet\src\Modules\Billing\Billing.Domain\bin\Release\net10.0\Billing.Domain.dll
  SaasBuilder.Persistence -> D:\Personal\modular-sdk-dotnet\src\SaasBuilder.Persistence\bin\Release\net10.0\SaasBuilder.Persistence.dll
  Registration.Application -> D:\Personal\modular-sdk-dotnet\src\Modules\Registration\Registration.Application\bin\Release\net10.0\Registration.Application.dll
  Gdpr.Application -> D:\Personal\modular-sdk-dotnet\src\Modules\Gdpr\Gdpr.Application\bin\Release\net10.0\Gdpr.Application.dll
  Ai.Domain -> D:\Personal\modular-sdk-dotnet\src\Modules\Ai\Ai.Domain\bin\Release\net10.0\Ai.Domain.dll
  FeatureFlags.Application -> D:\Personal\modular-sdk-dotnet\src\Modules\FeatureFlags\FeatureFlags.Application\bin\Release\net10.0\FeatureFlags.Application.dll
  Audit.Application -> D:\Personal\modular-sdk-dotnet\src\Modules\Audit\Audit.Application\bin\Release\net10.0\Audit.Application.dll
  Ledger.Application -> D:\Personal\modular-sdk-dotnet\src\Modules\Ledger\Ledger.Application\bin\Release\net10.0\Ledger.Application.dll
  Billing.Application -> D:\Personal\modular-sdk-dotnet\src\Modules\Billing\Billing.Application\bin\Release\net10.0\Billing.Application.dll
  Jobs.Application -> D:\Personal\modular-sdk-dotnet\src\Modules\Jobs\Jobs.Application\bin\Release\net10.0\Jobs.Application.dll
  Registration.Infrastructure -> D:\Personal\modular-sdk-dotnet\src\Modules\Registration\Registration.Infrastructure\bin\Release\net10.0\Registration.Infrastructure.dll
  Reporting.Application -> D:\Personal\modular-sdk-dotnet\src\Modules\Reporting\Reporting.Application\bin\Release\net10.0\Reporting.Application.dll
  Notifications.Domain -> D:\Personal\modular-sdk-dotnet\src\Modules\Notifications\Notifications.Domain\bin\Release\net10.0\Notifications.Domain.dll
  SaasBuilder.Host -> D:\Personal\modular-sdk-dotnet\src\SaasBuilder.Host\bin\Release\net10.0\SaasBuilder.Host.dll
  Ai.Application -> D:\Personal\modular-sdk-dotnet\src\Modules\Ai\Ai.Application\bin\Release\net10.0\Ai.Application.dll
  Entitlements.Application -> D:\Personal\modular-sdk-dotnet\src\Modules\Entitlements\Entitlements.Application\bin\Release\net10.0\Entitlements.Application.dll
  FeatureFlags.Infrastructure -> D:\Personal\modular-sdk-dotnet\src\Modules\FeatureFlags\FeatureFlags.Infrastructure\bin\Release\net10.0\FeatureFlags.Infrastructure.dll
  Audit.Infrastructure -> D:\Personal\modular-sdk-dotnet\src\Modules\Audit\Audit.Infrastructure\bin\Release\net10.0\Audit.Infrastructure.dll
  Billing.Infrastructure -> D:\Personal\modular-sdk-dotnet\src\Modules\Billing\Billing.Infrastructure\bin\Release\net10.0\Billing.Infrastructure.dll
  Registration.Api -> D:\Personal\modular-sdk-dotnet\src\Modules\Registration\Registration.Api\bin\Release\net10.0\Registration.Api.dll
  Marketplace.Domain -> D:\Personal\modular-sdk-dotnet\src\Modules\Marketplace\Marketplace.Domain\bin\Release\net10.0\Marketplace.Domain.dll
  Webhooks.Domain -> D:\Personal\modular-sdk-dotnet\src\Modules\Webhooks\Webhooks.Domain\bin\Release\net10.0\Webhooks.Domain.dll
  Identity.Application -> D:\Personal\modular-sdk-dotnet\src\Modules\Identity\Identity.Application\bin\Release\net10.0\Identity.Application.dll
  Reporting.Infrastructure -> D:\Personal\modular-sdk-dotnet\src\Modules\Reporting\Reporting.Infrastructure\bin\Release\net10.0\Reporting.Infrastructure.dll
  Gdpr.Infrastructure -> D:\Personal\modular-sdk-dotnet\src\Modules\Gdpr\Gdpr.Infrastructure\bin\Release\net10.0\Gdpr.Infrastructure.dll
  Notifications.Application -> D:\Personal\modular-sdk-dotnet\src\Modules\Notifications\Notifications.Application\bin\Release\net10.0\Notifications.Application.dll
  Ai.Infrastructure -> D:\Personal\modular-sdk-dotnet\src\Modules\Ai\Ai.Infrastructure\bin\Release\net10.0\Ai.Infrastructure.dll
  Ledger.Infrastructure -> D:\Personal\modular-sdk-dotnet\src\Modules\Ledger\Ledger.Infrastructure\bin\Release\net10.0\Ledger.Infrastructure.dll
  Webhooks.Application -> D:\Personal\modular-sdk-dotnet\src\Modules\Webhooks\Webhooks.Application\bin\Release\net10.0\Webhooks.Application.dll
  Reporting.Api -> D:\Personal\modular-sdk-dotnet\src\Modules\Reporting\Reporting.Api\bin\Release\net10.0\Reporting.Api.dll
  Identity.Infrastructure -> D:\Personal\modular-sdk-dotnet\src\Modules\Identity\Identity.Infrastructure\bin\Release\net10.0\Identity.Infrastructure.dll
  Entitlements.Infrastructure -> D:\Personal\modular-sdk-dotnet\src\Modules\Entitlements\Entitlements.Infrastructure\bin\Release\net10.0\Entitlements.Infrastructure.dll
  Marketplace.Application -> D:\Personal\modular-sdk-dotnet\src\Modules\Marketplace\Marketplace.Application\bin\Release\net10.0\Marketplace.Application.dll
  Webhooks.Infrastructure -> D:\Personal\modular-sdk-dotnet\src\Modules\Webhooks\Webhooks.Infrastructure\bin\Release\net10.0\Webhooks.Infrastructure.dll
  Admin.Application -> D:\Personal\modular-sdk-dotnet\src\Modules\Admin\Admin.Application\bin\Release\net10.0\Admin.Application.dll
  Ledger.Api -> D:\Personal\modular-sdk-dotnet\src\Modules\Ledger\Ledger.Api\bin\Release\net10.0\Ledger.Api.dll
  Marketplace.Infrastructure -> D:\Personal\modular-sdk-dotnet\src\Modules\Marketplace\Marketplace.Infrastructure\bin\Release\net10.0\Marketplace.Infrastructure.dll
  Admin.Infrastructure -> D:\Personal\modular-sdk-dotnet\src\Modules\Admin\Admin.Infrastructure\bin\Release\net10.0\Admin.Infrastructure.dll
  Identity.Api -> D:\Personal\modular-sdk-dotnet\src\Modules\Identity\Identity.Api\bin\Release\net10.0\Identity.Api.dll
  Admin.Api -> D:\Personal\modular-sdk-dotnet\src\Modules\Admin\Admin.Api\bin\Release\net10.0\Admin.Api.dll
  SaasBuilder.Sample.Host -> D:\Personal\modular-sdk-dotnet\samples\SaasBuilder.Sample.Host\bin\Release\net10.0\SaasBuilder.Sample.Host.dll
D:\Personal\modular-sdk-dotnet\tests\SaasBuilder.IntegrationTests\Ai\LlmBudgetTrackerTests.cs(26,20): error CS7036: There is no argument given that corresponds to the required parameter 'tenantContextAccessor' of 'AiDbContext.AiDbContext(DbContextOptions<AiDbContext>, ITenantContextAccessor)' [D:\Personal\modular-sdk-dotnet\tests\SaasBuilder.IntegrationTests\SaasBuilder.IntegrationTests.csproj]
D:\Personal\modular-sdk-dotnet\tests\SaasBuilder.IntegrationTests\RlsFixture.cs(14,75): error SA1502: Element should not be on a single line (https://github.com/DotNetAnalyzers/StyleCopAnalyzers/blob/master/documentation/SA1502.md) [D:\Personal\modular-sdk-dotnet\tests\SaasBuilder.IntegrationTests\SaasBuilder.IntegrationTests.csproj]

Build FAILED.

D:\Personal\modular-sdk-dotnet\tests\SaasBuilder.IntegrationTests\Ai\LlmBudgetTrackerTests.cs(26,20): error CS7036: There is no argument given that corresponds to the required parameter 'tenantContextAccessor' of 'AiDbContext.AiDbContext(DbContextOptions<AiDbContext>, ITenantContextAccessor)' [D:\Personal\modular-sdk-dotnet\tests\SaasBuilder.IntegrationTests\SaasBuilder.IntegrationTests.csproj]
D:\Personal\modular-sdk-dotnet\tests\SaasBuilder.IntegrationTests\RlsFixture.cs(14,75): error SA1502: Element should not be on a single line (https://github.com/DotNetAnalyzers/StyleCopAnalyzers/blob/master/documentation/SA1502.md) [D:\Personal\modular-sdk-dotnet\tests\SaasBuilder.IntegrationTests\SaasBuilder.IntegrationTests.csproj]
    0 Warning(s)
    2 Error(s)

Time Elapsed 00:01:33.67
