info: SaasBuilder.Host.Modules.ReflectionModuleLoader[0]
      Loaded module: Billing.Api.BillingModule from Billing.Api in 0.06ms
info: SaasBuilder.Host.Modules.ReflectionModuleLoader[0]
      Loaded module: Identity.Api.IdentityModule from Identity.Api in 0.11ms
info: SaasBuilder.Host.Modules.ReflectionModuleLoader[0]
      Loaded module: Ledger.Api.LedgerModule from Ledger.Api in 0.10ms
info: SaasBuilder.Host.Modules.ReflectionModuleLoader[0]
      Loaded module: Registration.Api.RegistrationModule from Registration.Api in 0.11ms
info: SaasBuilder.Host.Modules.ReflectionModuleLoader[0]
      Loaded module: Reporting.Api.ReportingModule from Reporting.Api in 0.05ms
info: SaasBuilder.Host.Modules.ReflectionModuleLoader[0]
      Loaded module: SaasBuilder.Host.Modules.HelloModule.HelloModule from SaasBuilder.Host in 0.05ms
[10:19:06 INF] User profile is available. Using 'C:\Users\USER\AppData\Local\ASP.NET\DataProtection-Keys' as key repository and Windows DPAPI to encrypt keys at rest.
[10:19:06 INF] HardDeleteJobScheduler: next run in 22:40:53.
[10:19:06 INF] DunningGraceHostedService started. GraceDays=7, ScanInterval=01:00:00.
[10:19:06 INF] OutboxLagReporter started; polling every 10s.
[10:19:06 INF] DailyReconciliationJob started. Interval: 24h.
[10:19:06 INF] Starting daily billing reconciliation.
[10:19:06 FTL] Application startup exception
System.InvalidOperationException: A suitable constructor for type 'SaasBuilder.Host.RateLimiting.PerTenantRateLimitMiddleware' could not be located. Ensure the type is concrete and all parameters of a public constructor are either registered as services or passed as arguments. Also ensure no extraneous arguments are provided.
   at Microsoft.Extensions.DependencyInjection.ActivatorUtilities.FindApplicableConstructor(Type instanceType, Type[] argumentTypes, ConstructorInfoEx[] constructors, ConstructorInfo& matchingConstructor, Nullable`1[]& matchingParameterMap)
   at Microsoft.Extensions.DependencyInjection.ActivatorUtilities.CreateInstance(IServiceProvider provider, Type instanceType, Object[] parameters)
   at Microsoft.AspNetCore.Builder.UseMiddlewareExtensions.ReflectionMiddlewareBinder.CreateMiddleware(RequestDelegate next)
   at Microsoft.AspNetCore.Builder.ApplicationBuilder.Build()
   at Microsoft.AspNetCore.Builder.ApplicationBuilder.Build()
   at Microsoft.AspNetCore.Hosting.GenericWebHostService.StartAsync(CancellationToken cancellationToken)
[10:19:06 ERR] Hosting failed to start
System.InvalidOperationException: A suitable constructor for type 'SaasBuilder.Host.RateLimiting.PerTenantRateLimitMiddleware' could not be located. Ensure the type is concrete and all parameters of a public constructor are either registered as services or passed as arguments. Also ensure no extraneous arguments are provided.
   at Microsoft.Extensions.DependencyInjection.ActivatorUtilities.FindApplicableConstructor(Type instanceType, Type[] argumentTypes, ConstructorInfoEx[] constructors, ConstructorInfo& matchingConstructor, Nullable`1[]& matchingParameterMap)
   at Microsoft.Extensions.DependencyInjection.ActivatorUtilities.CreateInstance(IServiceProvider provider, Type instanceType, Object[] parameters)
   at Microsoft.AspNetCore.Builder.UseMiddlewareExtensions.ReflectionMiddlewareBinder.CreateMiddleware(RequestDelegate next)
   at Microsoft.AspNetCore.Builder.ApplicationBuilder.Build()
   at Microsoft.AspNetCore.Builder.ApplicationBuilder.Build()
   at Microsoft.AspNetCore.Hosting.GenericWebHostService.StartAsync(CancellationToken cancellationToken)
   at Microsoft.Extensions.Hosting.Internal.Host.<StartAsync>b__14_1(IHostedService service, CancellationToken token)
   at Microsoft.Extensions.Hosting.Internal.Host.ForeachService[T](IEnumerable`1 services, CancellationToken token, Boolean concurrent, Boolean abortOnFirstException, List`1 exceptions, Func`3 operation)
[10:19:06 ERR] Unexpected error in DailyReconciliationJob reconciliation cycle.
System.ObjectDisposedException: Cannot access a disposed object.
Object name: 'IServiceProvider'.
   at Microsoft.Extensions.DependencyInjection.ServiceLookup.ThrowHelper.ThrowObjectDisposedException()
   at Microsoft.Extensions.DependencyInjection.ServiceProvider.GetService(ServiceIdentifier serviceIdentifier, ServiceProviderEngineScope serviceProviderEngineScope)
   at Microsoft.Extensions.DependencyInjection.ServiceLookup.ServiceProviderEngineScope.GetService(Type serviceType)
   at Microsoft.Extensions.DependencyInjection.ServiceProviderServiceExtensions.GetRequiredService(IServiceProvider provider, Type serviceType)
   at Microsoft.Extensions.DependencyInjection.ServiceProviderServiceExtensions.GetRequiredService[T](IServiceProvider provider)
   at Microsoft.Extensions.DependencyInjection.EntityFrameworkServiceCollectionExtensions.CreateDbContextOptions[TContext](IServiceProvider applicationServiceProvider)
   at Microsoft.Extensions.DependencyInjection.ServiceLookup.CallSiteRuntimeResolver.VisitCache(ServiceCallSite callSite, RuntimeResolverContext context, ServiceProviderEngineScope serviceProviderEngine, RuntimeResolverLock lockType)
   at Microsoft.Extensions.DependencyInjection.ServiceLookup.CallSiteRuntimeResolver.VisitScopeCache(ServiceCallSite callSite, RuntimeResolverContext context)
   at Microsoft.Extensions.DependencyInjection.ServiceLookup.CallSiteRuntimeResolver.VisitConstructor(ConstructorCallSite constructorCallSite, RuntimeResolverContext context)
   at Microsoft.Extensions.DependencyInjection.ServiceLookup.CallSiteRuntimeResolver.VisitCache(ServiceCallSite callSite, RuntimeResolverContext context, ServiceProviderEngineScope serviceProviderEngine, RuntimeResolverLock lockType)
   at Microsoft.Extensions.DependencyInjection.ServiceLookup.CallSiteRuntimeResolver.VisitScopeCache(ServiceCallSite callSite, RuntimeResolverContext context)
   at Microsoft.Extensions.DependencyInjection.ServiceLookup.CallSiteRuntimeResolver.Resolve(ServiceCallSite callSite, ServiceProviderEngineScope scope)
   at Microsoft.Extensions.DependencyInjection.ServiceLookup.DynamicServiceProviderEngine.<>c__DisplayClass2_0.<RealizeService>b__0(ServiceProviderEngineScope scope)
   at Microsoft.Extensions.DependencyInjection.ServiceProvider.GetService(ServiceIdentifier serviceIdentifier, ServiceProviderEngineScope serviceProviderEngineScope)
   at Microsoft.Extensions.DependencyInjection.ServiceLookup.ServiceProviderEngineScope.GetService(Type serviceType)
   at Microsoft.Extensions.DependencyInjection.ServiceProviderServiceExtensions.GetRequiredService(IServiceProvider provider, Type serviceType)
   at Microsoft.Extensions.DependencyInjection.ServiceProviderServiceExtensions.GetRequiredService[T](IServiceProvider provider)
   at Billing.Infrastructure.Jobs.DailyReconciliationJob.ReconcileAsync(CancellationToken ct) in D:\Personal\modular-sdk-dotnet\src\Modules\Billing\Billing.Infrastructure\Jobs\DailyReconciliationJob.cs:line 94
   at Billing.Infrastructure.Jobs.DailyReconciliationJob.ExecuteAsync(CancellationToken stoppingToken) in D:\Personal\modular-sdk-dotnet\src\Modules\Billing\Billing.Infrastructure\Jobs\DailyReconciliationJob.cs:line 72
[10:19:10 INF] OutboxLagReporter stopped.
[10:19:10 ERR] BackgroundService failed
System.Threading.Tasks.TaskCanceledException: A task was canceled.
   at Billing.Infrastructure.Jobs.DailyReconciliationJob.ExecuteAsync(CancellationToken stoppingToken) in D:\Personal\modular-sdk-dotnet\src\Modules\Billing\Billing.Infrastructure\Jobs\DailyReconciliationJob.cs:line 83
   at Microsoft.Extensions.Hosting.Internal.Host.TryExecuteBackgroundServiceAsync(BackgroundService backgroundService)
[10:19:10 ERR] BackgroundService failed
System.Threading.Tasks.TaskCanceledException: A task was canceled.
   at Billing.Infrastructure.Jobs.DunningGraceHostedService.ExecuteAsync(CancellationToken stoppingToken) in D:\Personal\modular-sdk-dotnet\src\Modules\Billing\Billing.Infrastructure\Jobs\DunningGraceHostedService.cs:line 43
   at Microsoft.Extensions.Hosting.Internal.Host.TryExecuteBackgroundServiceAsync(BackgroundService backgroundService)
[10:19:10 FTL] The HostOptions.BackgroundServiceExceptionBehavior is configured to StopHost. A BackgroundService has thrown an unhandled exception, and the IHost instance is stopping. To avoid this behavior, configure this to Ignore; however the BackgroundService will not be restarted.
System.Threading.Tasks.TaskCanceledException: A task was canceled.
   at Billing.Infrastructure.Jobs.DunningGraceHostedService.ExecuteAsync(CancellationToken stoppingToken) in D:\Personal\modular-sdk-dotnet\src\Modules\Billing\Billing.Infrastructure\Jobs\DunningGraceHostedService.cs:line 43
   at Microsoft.Extensions.Hosting.Internal.Host.TryExecuteBackgroundServiceAsync(BackgroundService backgroundService)
[10:19:10 INF] Application is shutting down...
[10:19:10 FTL] The HostOptions.BackgroundServiceExceptionBehavior is configured to StopHost. A BackgroundService has thrown an unhandled exception, and the IHost instance is stopping. To avoid this behavior, configure this to Ignore; however the BackgroundService will not be restarted.
System.Threading.Tasks.TaskCanceledException: A task was canceled.
   at Billing.Infrastructure.Jobs.DailyReconciliationJob.ExecuteAsync(CancellationToken stoppingToken) in D:\Personal\modular-sdk-dotnet\src\Modules\Billing\Billing.Infrastructure\Jobs\DailyReconciliationJob.cs:line 83
   at Microsoft.Extensions.Hosting.Internal.Host.TryExecuteBackgroundServiceAsync(BackgroundService backgroundService)
Unhandled exception. System.InvalidOperationException: A suitable constructor for type 'SaasBuilder.Host.RateLimiting.PerTenantRateLimitMiddleware' could not be located. Ensure the type is concrete and all parameters of a public constructor are either registered as services or passed as arguments. Also ensure no extraneous arguments are provided.
   at Microsoft.Extensions.DependencyInjection.ActivatorUtilities.FindApplicableConstructor(Type instanceType, Type[] argumentTypes, ConstructorInfoEx[] constructors, ConstructorInfo& matchingConstructor, Nullable`1[]& matchingParameterMap)
   at Microsoft.Extensions.DependencyInjection.ActivatorUtilities.CreateInstance(IServiceProvider provider, Type instanceType, Object[] parameters)
   at Microsoft.AspNetCore.Builder.UseMiddlewareExtensions.ReflectionMiddlewareBinder.CreateMiddleware(RequestDelegate next)
   at Microsoft.AspNetCore.Builder.ApplicationBuilder.Build()
   at Microsoft.AspNetCore.Builder.ApplicationBuilder.Build()
   at Microsoft.AspNetCore.Hosting.GenericWebHostService.StartAsync(CancellationToken cancellationToken)
   at Microsoft.Extensions.Hosting.Internal.Host.<StartAsync>b__14_1(IHostedService service, CancellationToken token)
   at Microsoft.Extensions.Hosting.Internal.Host.ForeachService[T](IEnumerable`1 services, CancellationToken token, Boolean concurrent, Boolean abortOnFirstException, List`1 exceptions, Func`3 operation)
   at Microsoft.Extensions.Hosting.Internal.Host.StartAsync(CancellationToken cancellationToken)
   at Microsoft.Extensions.Hosting.HostingAbstractionsHostExtensions.RunAsync(IHost host, CancellationToken token)
   at Microsoft.Extensions.Hosting.HostingAbstractionsHostExtensions.RunAsync(IHost host, CancellationToken token)
   at Program.<Main>$(String[] args) in D:\Personal\modular-sdk-dotnet\samples\SaasBuilder.Sample.Host\Program.cs:line 97
   at Program.<Main>(String[] args)
